# JRE version: OpenJDK Runtime Environment Temurin-17.0.9+9 (17.0.9+9) (build 17.0.9+9)
# Java VM: OpenJDK 64-Bit Server VM Temurin-17.0.9+9 (17.0.9+9, mixed mode, tiered, compressed oops, compressed class ptrs, parallel gc, windows-amd64)
GC Precious Log:
 CPUs: 4 total, 4 available
 Memory: 8086M
 Large Page Support: Disabled
 NUMA Support: Disabled
 Compressed Oops: Enabled (32-bit)
 Alignments: Space 512K, Generation 512K, Heap 2M
 Heap Min Capacity: 100M
 Heap Initial Capacity: 100M
 Heap Max Capacity: 1G
 Pre-touch: Disabled
 Parallel Workers: 4
Heap:
 PSYoungGen      total 25600K, used 25574K [0x00000000eab00000, 0x00000000ed180000, 0x0000000100000000)
  eden space 22016K, 100% used [0x00000000eab00000,0x00000000ec080000,0x00000000ec080000)
  from space 3584K, 99% used [0x00000000ec080000,0x00000000ec3f99d8,0x00000000ec400000)
  to   space 8704K, 65% used [0x00000000ec900000,0x00000000ece8cc68,0x00000000ed180000)
 ParOldGen       total 322560K, used 265171K [0x00000000c0000000, 0x00000000d3b00000, 0x00000000eab00000)
  object space 322560K, 82% used [0x00000000c0000000,0x00000000d02f4ce8,0x00000000d3b00000)
 Metaspace       used 72444K, committed 73664K, reserved 1114112K
  class space    used 7777K, committed 8320K, reserved 1048576K
GC Heap History (20 events):
Event: 79.646 GC heap after
{Heap after GC invocations=137 (full 9):
 PSYoungGen      total 19968K, used 3428K [0x00000000eab00000, 0x00000000ec400000, 0x0000000100000000)
  eden space 16384K, 0% used [0x00000000eab00000,0x00000000eab00000,0x00000000ebb00000)
  from space 3584K, 95% used [0x00000000ec080000,0x00000000ec3d9358,0x00000000ec400000)
  to   space 4608K, 0% used [0x00000000ebb00000,0x00000000ebb00000,0x00000000ebf80000)
 ParOldGen       total 260608K, used 239056K [0x00000000c0000000, 0x00000000cfe80000, 0x00000000eab00000)
  object space 260608K, 91% used [0x00000000c0000000,0x00000000ce9742a0,0x00000000cfe80000)
 Metaspace       used 69332K, committed 70464K, reserved 1114112K
  class space    used 7468K, committed 7936K, reserved 1048576K
}
Event: 79.767 GC heap before
{Heap before GC invocations=138 (full 9):
 PSYoungGen      total 19968K, used 19812K [0x00000000eab00000, 0x00000000ec400000, 0x0000000100000000)
  eden space 16384K, 100% used [0x00000000eab00000,0x00000000ebb00000,0x00000000ebb00000)
  from space 3584K, 95% used [0x00000000ec080000,0x00000000ec3d9358,0x00000000ec400000)
  to   space 4608K, 0% used [0x00000000ebb00000,0x00000000ebb00000,0x00000000ebf80000)
 ParOldGen       total 260608K, used 239056K [0x00000000c0000000, 0x00000000cfe80000, 0x00000000eab00000)
  object space 260608K, 91% used [0x00000000c0000000,0x00000000ce9742a0,0x00000000cfe80000)
 Metaspace       used 69332K, committed 70464K, reserved 1114112K
  class space    used 7468K, committed 7936K, reserved 1048576K
}
Event: 79.776 GC heap after
{Heap after GC invocations=138 (full 9):
 PSYoungGen      total 20992K, used 4600K [0x00000000eab00000, 0x00000000ecb80000, 0x0000000100000000)
  eden space 16384K, 0% used [0x00000000eab00000,0x00000000eab00000,0x00000000ebb00000)
  from space 4608K, 99% used [0x00000000ebb00000,0x00000000ebf7e140,0x00000000ebf80000)
  to   space 7680K, 0% used [0x00000000ec400000,0x00000000ec400000,0x00000000ecb80000)
 ParOldGen       total 260608K, used 241302K [0x00000000c0000000, 0x00000000cfe80000, 0x00000000eab00000)
  object space 260608K, 92% used [0x00000000c0000000,0x00000000ceba59e8,0x00000000cfe80000)
 Metaspace       used 69332K, committed 70464K, reserved 1114112K
  class space    used 7468K, committed 7936K, reserved 1048576K
}
Event: 80.025 GC heap before
{Heap before GC invocations=139 (full 9):
 PSYoungGen      total 20992K, used 20984K [0x00000000eab00000, 0x00000000ecb80000, 0x0000000100000000)
  eden space 16384K, 100% used [0x00000000eab00000,0x00000000ebb00000,0x00000000ebb00000)
  from space 4608K, 99% used [0x00000000ebb00000,0x00000000ebf7e140,0x00000000ebf80000)
  to   space 7680K, 0% used [0x00000000ec400000,0x00000000ec400000,0x00000000ecb80000)
 ParOldGen       total 260608K, used 241302K [0x00000000c0000000, 0x00000000cfe80000, 0x00000000eab00000)
  object space 260608K, 92% used [0x00000000c0000000,0x00000000ceba59e8,0x00000000cfe80000)
 Metaspace       used 69332K, committed 70464K, reserved 1114112K
  class space    used 7468K, committed 7936K, reserved 1048576K
}
Event: 80.038 GC heap after
{Heap after GC invocations=139 (full 9):
 PSYoungGen      total 20992K, used 3567K [0x00000000eab00000, 0x00000000ec780000, 0x0000000100000000)
  eden space 17408K, 0% used [0x00000000eab00000,0x00000000eab00000,0x00000000ebc00000)
  from space 3584K, 99% used [0x00000000ec400000,0x00000000ec77bef8,0x00000000ec780000)
  to   space 5120K, 0% used [0x00000000ebd80000,0x00000000ebd80000,0x00000000ec280000)
 ParOldGen       total 260608K, used 245980K [0x00000000c0000000, 0x00000000cfe80000, 0x00000000eab00000)
  object space 260608K, 94% used [0x00000000c0000000,0x00000000cf0371b8,0x00000000cfe80000)
 Metaspace       used 69332K, committed 70464K, reserved 1114112K
  class space    used 7468K, committed 7936K, reserved 1048576K
}
Event: 80.269 GC heap before
{Heap before GC invocations=140 (full 9):
 PSYoungGen      total 20992K, used 20975K [0x00000000eab00000, 0x00000000ec780000, 0x0000000100000000)
  eden space 17408K, 100% used [0x00000000eab00000,0x00000000ebc00000,0x00000000ebc00000)
  from space 3584K, 99% used [0x00000000ec400000,0x00000000ec77bef8,0x00000000ec780000)
  to   space 5120K, 0% used [0x00000000ebd80000,0x00000000ebd80000,0x00000000ec280000)
 ParOldGen       total 260608K, used 245980K [0x00000000c0000000, 0x00000000cfe80000, 0x00000000eab00000)
  object space 260608K, 94% used [0x00000000c0000000,0x00000000cf0371b8,0x00000000cfe80000)
 Metaspace       used 69617K, committed 70720K, reserved 1114112K
  class space    used 7493K, committed 7936K, reserved 1048576K
}
Event: 80.278 GC heap after
{Heap after GC invocations=140 (full 9):
 PSYoungGen      total 23552K, used 5098K [0x00000000eab00000, 0x00000000ecc00000, 0x0000000100000000)
  eden space 18432K, 0% used [0x00000000eab00000,0x00000000eab00000,0x00000000ebd00000)
  from space 5120K, 99% used [0x00000000ebd80000,0x00000000ec27a960,0x00000000ec280000)
  to   space 7680K, 0% used [0x00000000ec480000,0x00000000ec480000,0x00000000ecc00000)
 ParOldGen       total 260608K, used 247681K [0x00000000c0000000, 0x00000000cfe80000, 0x00000000eab00000)
  object space 260608K, 95% used [0x00000000c0000000,0x00000000cf1e0598,0x00000000cfe80000)
 Metaspace       used 69617K, committed 70720K, reserved 1114112K
  class space    used 7493K, committed 7936K, reserved 1048576K
}
Event: 80.583 GC heap before
{Heap before GC invocations=141 (full 9):
 PSYoungGen      total 23552K, used 23530K [0x00000000eab00000, 0x00000000ecc00000, 0x0000000100000000)
  eden space 18432K, 100% used [0x00000000eab00000,0x00000000ebd00000,0x00000000ebd00000)
  from space 5120K, 99% used [0x00000000ebd80000,0x00000000ec27a960,0x00000000ec280000)
  to   space 7680K, 0% used [0x00000000ec480000,0x00000000ec480000,0x00000000ecc00000)
 ParOldGen       total 260608K, used 247681K [0x00000000c0000000, 0x00000000cfe80000, 0x00000000eab00000)
  object space 260608K, 95% used [0x00000000c0000000,0x00000000cf1e0598,0x00000000cfe80000)
 Metaspace       used 69674K, committed 70848K, reserved 1114112K
  class space    used 7499K, committed 7936K, reserved 1048576K
}
Event: 80.595 GC heap after
{Heap after GC invocations=141 (full 9):
 PSYoungGen      total 23552K, used 3934K [0x00000000eab00000, 0x00000000ec880000, 0x0000000100000000)
  eden space 19456K, 0% used [0x00000000eab00000,0x00000000eab00000,0x00000000ebe00000)
  from space 4096K, 96% used [0x00000000ec480000,0x00000000ec857ba0,0x00000000ec880000)
  to   space 5120K, 0% used [0x00000000ebe80000,0x00000000ebe80000,0x00000000ec380000)
 ParOldGen       total 260608K, used 252769K [0x00000000c0000000, 0x00000000cfe80000, 0x00000000eab00000)
  object space 260608K, 96% used [0x00000000c0000000,0x00000000cf6d86e8,0x00000000cfe80000)
 Metaspace       used 69674K, committed 70848K, reserved 1114112K
  class space    used 7499K, committed 7936K, reserved 1048576K
}
Event: 80.766 GC heap before
{Heap before GC invocations=142 (full 9):
 PSYoungGen      total 23552K, used 23390K [0x00000000eab00000, 0x00000000ec880000, 0x0000000100000000)
  eden space 19456K, 100% used [0x00000000eab00000,0x00000000ebe00000,0x00000000ebe00000)
  from space 4096K, 96% used [0x00000000ec480000,0x00000000ec857ba0,0x00000000ec880000)
  to   space 5120K, 0% used [0x00000000ebe80000,0x00000000ebe80000,0x00000000ec380000)
 ParOldGen       total 260608K, used 252769K [0x00000000c0000000, 0x00000000cfe80000, 0x00000000eab00000)
  object space 260608K, 96% used [0x00000000c0000000,0x00000000cf6d86e8,0x00000000cfe80000)
 Metaspace       used 69741K, committed 70912K, reserved 1114112K
  class space    used 7507K, committed 7936K, reserved 1048576K
}
Event: 80.774 GC heap after
{Heap after GC invocations=142 (full 9):
 PSYoungGen      total 25088K, used 5106K [0x00000000eab00000, 0x00000000ed000000, 0x0000000100000000)
  eden space 19968K, 0% used [0x00000000eab00000,0x00000000eab00000,0x00000000ebe80000)
  from space 5120K, 99% used [0x00000000ebe80000,0x00000000ec37cbe0,0x00000000ec380000)
  to   space 8704K, 0% used [0x00000000ec780000,0x00000000ec780000,0x00000000ed000000)
 ParOldGen       total 260608K, used 255519K [0x00000000c0000000, 0x00000000cfe80000, 0x00000000eab00000)
  object space 260608K, 98% used [0x00000000c0000000,0x00000000cf987fe0,0x00000000cfe80000)
 Metaspace       used 69741K, committed 70912K, reserved 1114112K
  class space    used 7507K, committed 7936K, reserved 1048576K
}
Event: 81.682 GC heap before
{Heap before GC invocations=143 (full 9):
 PSYoungGen      total 25088K, used 25074K [0x00000000eab00000, 0x00000000ed000000, 0x0000000100000000)
  eden space 19968K, 100% used [0x00000000eab00000,0x00000000ebe80000,0x00000000ebe80000)
  from space 5120K, 99% used [0x00000000ebe80000,0x00000000ec37cbe0,0x00000000ec380000)
  to   space 8704K, 0% used [0x00000000ec780000,0x00000000ec780000,0x00000000ed000000)
 ParOldGen       total 260608K, used 255519K [0x00000000c0000000, 0x00000000cfe80000, 0x00000000eab00000)
  object space 260608K, 98% used [0x00000000c0000000,0x00000000cf987fe0,0x00000000cfe80000)
 Metaspace       used 70993K, committed 72192K, reserved 1114112K
  class space    used 7590K, committed 8064K, reserved 1048576K
}
Event: 81.697 GC heap after
{Heap after GC invocations=143 (full 9):
 PSYoungGen      total 23040K, used 1866K [0x00000000eab00000, 0x00000000ec980000, 0x0000000100000000)
  eden space 20992K, 0% used [0x00000000eab00000,0x00000000eab00000,0x00000000ebf80000)
  from space 2048K, 91% used [0x00000000ec780000,0x00000000ec9529f0,0x00000000ec980000)
  to   space 4096K, 0% used [0x00000000ec180000,0x00000000ec180000,0x00000000ec580000)
 ParOldGen       total 261120K, used 260642K [0x00000000c0000000, 0x00000000cff00000, 0x00000000eab00000)
  object space 261120K, 99% used [0x00000000c0000000,0x00000000cfe888e0,0x00000000cff00000)
 Metaspace       used 70993K, committed 72192K, reserved 1114112K
  class space    used 7590K, committed 8064K, reserved 1048576K
}
Event: 81.697 GC heap before
{Heap before GC invocations=144 (full 10):
 PSYoungGen      total 23040K, used 1866K [0x00000000eab00000, 0x00000000ec980000, 0x0000000100000000)
  eden space 20992K, 0% used [0x00000000eab00000,0x00000000eab00000,0x00000000ebf80000)
  from space 2048K, 91% used [0x00000000ec780000,0x00000000ec9529f0,0x00000000ec980000)
  to   space 4096K, 0% used [0x00000000ec180000,0x00000000ec180000,0x00000000ec580000)
 ParOldGen       total 261120K, used 260642K [0x00000000c0000000, 0x00000000cff00000, 0x00000000eab00000)
  object space 261120K, 99% used [0x00000000c0000000,0x00000000cfe888e0,0x00000000cff00000)
 Metaspace       used 70993K, committed 72192K, reserved 1114112K
  class space    used 7590K, committed 8064K, reserved 1048576K
}
Event: 82.301 GC heap after
{Heap after GC invocations=144 (full 10):
 PSYoungGen      total 22528K, used 0K [0x00000000eab00000, 0x00000000ec880000, 0x0000000100000000)
  eden space 22016K, 0% used [0x00000000eab00000,0x00000000eab00000,0x00000000ec080000)
  from space 512K, 0% used [0x00000000ec180000,0x00000000ec180000,0x00000000ec200000)
  to   space 4096K, 0% used [0x00000000ec480000,0x00000000ec480000,0x00000000ec880000)
 ParOldGen       total 322560K, used 259601K [0x00000000c0000000, 0x00000000d3b00000, 0x00000000eab00000)
  object space 322560K, 80% used [0x00000000c0000000,0x00000000cfd84608,0x00000000d3b00000)
 Metaspace       used 70993K, committed 72192K, reserved 1114112K
  class space    used 7590K, committed 8064K, reserved 1048576K
}
Event: 82.707 GC heap before
{Heap before GC invocations=145 (full 10):
 PSYoungGen      total 22528K, used 22016K [0x00000000eab00000, 0x00000000ec880000, 0x0000000100000000)
  eden space 22016K, 100% used [0x00000000eab00000,0x00000000ec080000,0x00000000ec080000)
  from space 512K, 0% used [0x00000000ec180000,0x00000000ec180000,0x00000000ec200000)
  to   space 4096K, 0% used [0x00000000ec480000,0x00000000ec480000,0x00000000ec880000)
 ParOldGen       total 322560K, used 259601K [0x00000000c0000000, 0x00000000d3b00000, 0x00000000eab00000)
  object space 322560K, 80% used [0x00000000c0000000,0x00000000cfd84608,0x00000000d3b00000)
 Metaspace       used 71955K, committed 73152K, reserved 1114112K
  class space    used 7707K, committed 8192K, reserved 1048576K
}
Event: 82.715 GC heap after
{Heap after GC invocations=145 (full 10):
 PSYoungGen      total 25088K, used 3017K [0x00000000eab00000, 0x00000000ec780000, 0x0000000100000000)
  eden space 22016K, 0% used [0x00000000eab00000,0x00000000eab00000,0x00000000ec080000)
  from space 3072K, 98% used [0x00000000ec480000,0x00000000ec772558,0x00000000ec780000)
  to   space 3584K, 0% used [0x00000000ec080000,0x00000000ec080000,0x00000000ec400000)
 ParOldGen       total 322560K, used 259609K [0x00000000c0000000, 0x00000000d3b00000, 0x00000000eab00000)
  object space 322560K, 80% used [0x00000000c0000000,0x00000000cfd86608,0x00000000d3b00000)
 Metaspace       used 71955K, committed 73152K, reserved 1114112K
  class space    used 7707K, committed 8192K, reserved 1048576K
}
Event: 82.933 GC heap before
{Heap before GC invocations=146 (full 10):
 PSYoungGen      total 25088K, used 25033K [0x00000000eab00000, 0x00000000ec780000, 0x0000000100000000)
  eden space 22016K, 100% used [0x00000000eab00000,0x00000000ec080000,0x00000000ec080000)
  from space 3072K, 98% used [0x00000000ec480000,0x00000000ec772558,0x00000000ec780000)
  to   space 3584K, 0% used [0x00000000ec080000,0x00000000ec080000,0x00000000ec400000)
 ParOldGen       total 322560K, used 259609K [0x00000000c0000000, 0x00000000d3b00000, 0x00000000eab00000)
  object space 322560K, 80% used [0x00000000c0000000,0x00000000cfd86608,0x00000000d3b00000)
 Metaspace       used 71959K, committed 73152K, reserved 1114112K
  class space    used 7707K, committed 8192K, reserved 1048576K
}
Event: 82.942 GC heap after
{Heap after GC invocations=146 (full 10):
 PSYoungGen      total 25600K, used 3558K [0x00000000eab00000, 0x00000000ed180000, 0x0000000100000000)
  eden space 22016K, 0% used [0x00000000eab00000,0x00000000eab00000,0x00000000ec080000)
  from space 3584K, 99% used [0x00000000ec080000,0x00000000ec3f99d8,0x00000000ec400000)
  to   space 8704K, 0% used [0x00000000ec900000,0x00000000ec900000,0x00000000ed180000)
 ParOldGen       total 322560K, used 263721K [0x00000000c0000000, 0x00000000d3b00000, 0x00000000eab00000)
  object space 322560K, 81% used [0x00000000c0000000,0x00000000d018a710,0x00000000d3b00000)
 Metaspace       used 71959K, committed 73152K, reserved 1114112K
  class space    used 7707K, committed 8192K, reserved 1048576K
}
Event: 83.298 GC heap before
{Heap before GC invocations=147 (full 10):
 PSYoungGen      total 25600K, used 25574K [0x00000000eab00000, 0x00000000ed180000, 0x0000000100000000)
  eden space 22016K, 100% used [0x00000000eab00000,0x00000000ec080000,0x00000000ec080000)
  from space 3584K, 99% used [0x00000000ec080000,0x00000000ec3f99d8,0x00000000ec400000)
  to   space 8704K, 0% used [0x00000000ec900000,0x00000000ec900000,0x00000000ed180000)
 ParOldGen       total 322560K, used 263721K [0x00000000c0000000, 0x00000000d3b00000, 0x00000000eab00000)
  object space 322560K, 81% used [0x00000000c0000000,0x00000000d018a710,0x00000000d3b00000)
 Metaspace       used 72444K, committed 73664K, reserved 1114112K
  class space    used 7777K, committed 8320K, reserved 1048576K
}

